TAP version 13
# Subtest: touch token floor aliases remain defined
ok 1 - touch token floor aliases remain defined
  ---
  duration_ms: 1.122208
  ...
# Subtest: public header shell keeps touch-floor contract
ok 2 - public header shell keeps touch-floor contract
  ---
  duration_ms: 0.817
  ...
# Subtest: authenticated app header keeps tablet-safe wrap contract
ok 3 - authenticated app header keeps tablet-safe wrap contract
  ---
  duration_ms: 0.427
  ...
# Subtest: public footer shell keeps touch-floor contract
ok 4 - public footer shell keeps touch-floor contract
  ---
  duration_ms: 0.208292
  ...
# Subtest: app shell route transition avoids horizontal overflow bounce
ok 5 - app shell route transition avoids horizontal overflow bounce
  ---
  duration_ms: 0.323209
  ...
# Subtest: child route scaffold avoids nested main landmarks in app shells
ok 6 - child route scaffold avoids nested main landmarks in app shells
  ---
  duration_ms: 0.15975
  ...
# Subtest: parent dashboard route avoids nested main landmarks in app shells
ok 7 - parent dashboard route avoids nested main landmarks in app shells
  ---
  duration_ms: 0.271125
  ...
1..7
# tests 7
# suites 0
# pass 7
# fail 0
# cancelled 0
# skipped 0
# todo 0
# duration_ms 64.178334
