$ npx --yes pa11y-ci --config /Users/israelz/Documents/dev/AI/Learning/docs/qa/evidence/dub-685-qa2-20260411-144822/configs/games__reading__picture__to__word__builder.pa11y-ci.config.json
Running Pa11y on 1 URLs:
 > http://127.0.0.1:4187/games/reading/picture-to-word-builder - 3 errors

Errors in http://127.0.0.1:4187/games/reading/picture-to-word-builder:

 • This element has insufficient contrast at this conformance level. Expected a
   contrast ratio of at least 4.5:1, but text in this element has a contrast
   ratio of 4.49:1. Recommendation:  change text colour to #8a7254.

   (#root > div > main > div > div > section > div > div > section >
   div:nth-child(4) > div:nth-child(1) > p)

   <p class="picture-word-builder__tiles-title">גררו אותיות למשבצות.</p>

 • This element has insufficient contrast at this conformance level. Expected a
   contrast ratio of at least 4.5:1, but text in this element has a contrast
   ratio of 3.36:1. Recommendation:  change text colour to #ad6424.

   (#root > div > main > div > div > section > div > div > div:nth-child(3) >
   button > span)

   <span aria-hidden="true">◀</span>

 • This element has insufficient contrast at this conformance level. Expected a
   contrast ratio of at least 4.5:1, but text in this element has a contrast
   ratio of 3.36:1. Recommendation:  change text colour to #ad6424.

   (#root > div > main > div > div > section > div > div > section >
   div:nth-child(4) > div:nth-child(1) > button > span)

   <span aria-hidden="true">◀</span>

✘ 0/1 URLs passed
