$ npx --yes pa11y-ci --config /Users/israelz/Documents/dev/AI/Learning/docs/qa/evidence/dub-685-qa2-20260411-144822/configs/privacy.pa11y-ci.config.json
Running Pa11y on 1 URLs:
 > http://127.0.0.1:4187/privacy - 8 errors

Errors in http://127.0.0.1:4187/privacy:

 • This element has insufficient contrast at this conformance level. Expected a
   contrast ratio of at least 4.5:1, but text in this element has a contrast
   ratio of 4.24:1. Recommendation:  change text colour to #030200.

   (#root > div > main > div > header > div > p:nth-child(2))

   <p class="legal-page__subtitle">הפרטיות שלכם ושל הילדים חשובה ל...</p>

 • This element has insufficient contrast at this conformance level. Expected a
   contrast ratio of at least 4.5:1, but text in this element has a contrast
   ratio of 2.27:1. Recommendation:  change text colour to #040200.

   (#root > div > main > div > header > div > p:nth-child(3))

   <p class="legal-page__updated">עדכון אחרון: 10 באפריל 2026</p>

 • This element has insufficient contrast at this conformance level. Expected a
   contrast ratio of at least 4.5:1, but text in this element has a contrast
   ratio of 4.49:1. Recommendation:  change text colour to #8a7254.

   (#root > div > main > div > section > div:nth-child(1) > p)

   <p class="legal-page__card-body">דובילנד נבנתה כסביבת למידה בטוח...</p>

 • This element has insufficient contrast at this conformance level. Expected a
   contrast ratio of at least 4.5:1, but text in this element has a contrast
   ratio of 4.49:1. Recommendation:  change text colour to #8a7254.

   (#root > div > main > div > section > div:nth-child(2) > p)

   <p class="legal-page__card-body">ייתכן שנאסוף פרטי חשבון בסיסיים...</p>

 • This element has insufficient contrast at this conformance level. Expected a
   contrast ratio of at least 4.5:1, but text in this element has a contrast
   ratio of 4.49:1. Recommendation:  change text colour to #8a7254.

   (#root > div > main > div > section > div:nth-child(3) > p)

   <p class="legal-page__card-body">המידע משמש להפעלת השירות, להצגת...</p>

 • This element has insufficient contrast at this conformance level. Expected a
   contrast ratio of at least 4.5:1, but text in this element has a contrast
   ratio of 4.49:1. Recommendation:  change text colour to #8a7254.

   (#root > div > main > div > section > div:nth-child(4) > p)

   <p class="legal-page__card-body">אנחנו ממליצים להשתמש בפלטפורמה ...</p>

 • This element has insufficient contrast at this conformance level. Expected a
   contrast ratio of at least 4.5:1, but text in this element has a contrast
   ratio of 4.49:1. Recommendation:  change text colour to #8a7254.

   (#root > div > main > div > section > div:nth-child(5) > p)

   <p class="legal-page__card-body">אנו מיישמים אמצעים טכניים וארגו...</p>

 • This element has insufficient contrast at this conformance level. Expected a
   contrast ratio of at least 4.5:1, but text in this element has a contrast
   ratio of 4.49:1. Recommendation:  change text colour to #8a7254.

   (#root > div > main > div > section > div:nth-child(6) > p)

   <p class="legal-page__card-body">לשאלות או בקשות בנושא פרטיות אפ...</p>

✘ 0/1 URLs passed
