$ npx --yes pa11y-ci --config /Users/israelz/Documents/dev/AI/Learning/docs/qa/evidence/dub-685-qa2-20260411-144822/configs/qa__404.pa11y-ci.config.json
Running Pa11y on 1 URLs:
 > http://127.0.0.1:4187/__qa-404__ - 3 errors

Errors in http://127.0.0.1:4187/__qa-404__:

 • This element has insufficient contrast at this conformance level. Expected a
   contrast ratio of at least 3:1, but text in this element has a contrast
   ratio of 1.16:1. Recommendation:  change text colour to #050300.

   (#root > div > main > div > div > h1)

   <h1 class="not-found__code">404</h1>

 • This element has insufficient contrast at this conformance level. Expected a
   contrast ratio of at least 4.5:1, but text in this element has a contrast
   ratio of 4.24:1. Recommendation:  change text colour to #030200.

   (#root > div > main > div > div > p)

   <p class="not-found__text">נראה שדובי הלך לאיבוד... הדף שח...</p>

 • This element has insufficient contrast at this conformance level. Expected a
   contrast ratio of at least 3:1, but text in this element has a contrast
   ratio of 2.31:1. Recommendation:  change background to #e7742a.

   (#root > div > main > div > div > div:nth-child(5) > a:nth-child(1) > button)

   <button style="display: inline-flex; align-items: center; justify-content:
   center; gap: var(--space-sm); font-family: var(--font-family-primary);
   font-weight: var(--font-weight-bold); line-height: var(--line-height-tight);
   transition: var(--transitio...

✘ 0/1 URLs passed
