
Welcome to Pa11y

 > Running Pa11y on URL http://127.0.0.1:4184/games/reading/interactive-handbook

Results for URL: http://127.0.0.1:4184/login

 • Error: This element has insufficient contrast at this conformance level. Expected a contrast ratio of at least 4.5:1, but text in this element has a contrast ratio of 2.31:1. Recommendation:  change background to #c65309.
   ├── WCAG2AA.Principle1.Guideline1_4.1_4_3.G18.Fail
   ├── #root > div > header > div > div > div > a:nth-child(2) > button
   └── <button style="display: inline-flex; align-items: center; justify-content: center; gap: var(--space-sm); font-family: var(--font-family-primary); font-weight: var(--font-weight-bold); line-height: var(--line-height-tight); transition: var(--transitio...

 • Error: This element has insufficient contrast at this conformance level. Expected a contrast ratio of at least 4.5:1, but text in this element has a contrast ratio of 4.49:1. Recommendation:  change text colour to #8a7254.
   ├── WCAG2AA.Principle1.Guideline1_4.1_4_3.G18.Fail
   ├── #root > div > main > div > div > div > header > p
   └── <p style="color: var(--color-text-secondary); font-size: var(--font-size-md);">לומדים עברית דרך משחק, שיר וסיפ...</p>

 • Error: This element has insufficient contrast at this conformance level. Expected a contrast ratio of at least 3:1, but text in this element has a contrast ratio of 2.31:1. Recommendation:  change background to #e7742a.
   ├── WCAG2AA.Principle1.Guideline1_4.1_4_3.G145.Fail
   ├── #root > div > main > div > div > div > div:nth-child(2) > button
   └── <button style="display: inline-flex; align-items: center; justify-content: center; gap: var(--space-sm); font-family: var(--font-family-primary); font-weight: var(--font-weight-bold); line-height: var(--line-height-tight); transition: var(--transitio...

 • Error: This element has insufficient contrast at this conformance level. Expected a contrast ratio of at least 4.5:1, but text in this element has a contrast ratio of 2.41:1. Recommendation:  change text colour to #87735b.
   ├── WCAG2AA.Principle1.Guideline1_4.1_4_3.G18.Fail
   ├── #root > div > main > div > div > div > div:nth-child(3) > span
   └── <span>או התחברו עם חשבון</span>

 • Error: This element has insufficient contrast at this conformance level. Expected a contrast ratio of at least 4.5:1, but text in this element has a contrast ratio of 2.41:1. Recommendation:  change text colour to #87735b.
   ├── WCAG2AA.Principle1.Guideline1_4.1_4_3.G18.Fail
   ├── #root > div > main > div > div > div > p
   └── <p style="color: var(--color-text-light); font-size: var(--font-size-xs); text-align: center;">ההרשמה מיועדת להורים — הילד משח...</p>

 • Error: This element has insufficient contrast at this conformance level. Expected a contrast ratio of at least 3:1, but text in this element has a contrast ratio of 2.73:1. Recommendation:  change background to #fff1d4.
   ├── WCAG2AA.Principle1.Guideline1_4.1_4_3.G145.Fail
   ├── #root > div > footer > div:nth-child(1) > div:nth-child(1) > a > span
   └── <span class="public-footer__logo-text">דובילנד</span>

 • Error: This element has insufficient contrast at this conformance level. Expected a contrast ratio of at least 4.5:1, but text in this element has a contrast ratio of 3.64:1. Recommendation:  change text colour to #7c6446.
   ├── WCAG2AA.Principle1.Guideline1_4.1_4_3.G18.Fail
   ├── #root > div > footer > div:nth-child(1) > div:nth-child(1) > p
   └── <p class="public-footer__tagline">לומדים עברית בכיף עם דובי 🧸</p>

 • Error: This element has insufficient contrast at this conformance level. Expected a contrast ratio of at least 4.5:1, but text in this element has a contrast ratio of 3.64:1. Recommendation:  change text colour to #7c6446.
   ├── WCAG2AA.Principle1.Guideline1_4.1_4_3.G18.Fail
   ├── #root > div > footer > div:nth-child(1) > div:nth-child(2) > div:nth-child(1) > nav > a:nth-child(1)
   └── <a href="/#topics" data-discover="true">מספרים וחשבון</a>

 • Error: This element has insufficient contrast at this conformance level. Expected a contrast ratio of at least 4.5:1, but text in this element has a contrast ratio of 3.64:1. Recommendation:  change text colour to #7c6446.
   ├── WCAG2AA.Principle1.Guideline1_4.1_4_3.G18.Fail
   ├── #root > div > footer > div:nth-child(1) > div:nth-child(2) > div:nth-child(1) > nav > a:nth-child(2)
   └── <a href="/#topics" data-discover="true">אותיות וצלילים</a>

 • Error: This element has insufficient contrast at this conformance level. Expected a contrast ratio of at least 4.5:1, but text in this element has a contrast ratio of 3.64:1. Recommendation:  change text colour to #7c6446.
   ├── WCAG2AA.Principle1.Guideline1_4.1_4_3.G18.Fail
   ├── #root > div > footer > div:nth-child(1) > div:nth-child(2) > div:nth-child(1) > nav > a:nth-child(3)
   └── <a href="/#topics" data-discover="true">קריאה ראשונה</a>

 • Error: This element has insufficient contrast at this conformance level. Expected a contrast ratio of at least 4.5:1, but text in this element has a contrast ratio of 3.64:1. Recommendation:  change text colour to #7c6446.
   ├── WCAG2AA.Principle1.Guideline1_4.1_4_3.G18.Fail
   ├── #root > div > footer > div:nth-child(1) > div:nth-child(2) > div:nth-child(2) > nav > a:nth-child(1)
   └── <a href="/about" data-discover="true">אודות</a>

 • Error: This element has insufficient contrast at this conformance level. Expected a contrast ratio of at least 4.5:1, but text in this element has a contrast ratio of 3.64:1. Recommendation:  change text colour to #7c6446.
   ├── WCAG2AA.Principle1.Guideline1_4.1_4_3.G18.Fail
   ├── #root > div > footer > div:nth-child(1) > div:nth-child(2) > div:nth-child(2) > nav > a:nth-child(2)
   └── <a href="/parents" data-discover="true">להורים</a>

 • Error: This element has insufficient contrast at this conformance level. Expected a contrast ratio of at least 4.5:1, but text in this element has a contrast ratio of 3.64:1. Recommendation:  change text colour to #7c6446.
   ├── WCAG2AA.Principle1.Guideline1_4.1_4_3.G18.Fail
   ├── #root > div > footer > div:nth-child(1) > div:nth-child(2) > div:nth-child(2) > nav > a:nth-child(3)
   └── <a href="/parents#faq" data-discover="true">שאלות נפוצות</a>

 • Error: This element has insufficient contrast at this conformance level. Expected a contrast ratio of at least 4.5:1, but text in this element has a contrast ratio of 3.64:1. Recommendation:  change text colour to #7c6446.
   ├── WCAG2AA.Principle1.Guideline1_4.1_4_3.G18.Fail
   ├── #root > div > footer > div:nth-child(1) > div:nth-child(2) > div:nth-child(3) > nav > a:nth-child(1)
   └── <a href="/terms" data-discover="true">תנאי שימוש</a>

 • Error: This element has insufficient contrast at this conformance level. Expected a contrast ratio of at least 4.5:1, but text in this element has a contrast ratio of 3.64:1. Recommendation:  change text colour to #7c6446.
   ├── WCAG2AA.Principle1.Guideline1_4.1_4_3.G18.Fail
   ├── #root > div > footer > div:nth-child(1) > div:nth-child(2) > div:nth-child(3) > nav > a:nth-child(2)
   └── <a href="/privacy" data-discover="true">מדיניות פרטיות</a>

 • Error: This element has insufficient contrast at this conformance level. Expected a contrast ratio of at least 4.5:1, but text in this element has a contrast ratio of 1.95:1. Recommendation:  change text colour to #020100.
   ├── WCAG2AA.Principle1.Guideline1_4.1_4_3.G18.Fail
   ├── #root > div > footer > div:nth-child(2) > p:nth-child(1)
   └── <p>© 2026 דובילנד. כל הזכויות שמור...</p>

 • Error: This element has insufficient contrast at this conformance level. Expected a contrast ratio of at least 4.5:1, but text in this element has a contrast ratio of 1.95:1. Recommendation:  change text colour to #020100.
   ├── WCAG2AA.Principle1.Guideline1_4.1_4_3.G18.Fail
   ├── #root > div > footer > div:nth-child(2) > p:nth-child(2)
   └── <p class="public-footer__love">נבנה באהבה לילדים ישראלים</p>

17 Errors

