TAP version 13
# Subtest: protected route is split into shell boundary + deferred auth gate
ok 1 - protected route is split into shell boundary + deferred auth gate
  ---
  duration_ms: 0.978166
  ...
# Subtest: protected-shell migration files no longer statically import supabase runtime
ok 2 - protected-shell migration files no longer statically import supabase runtime
  ---
  duration_ms: 1.162541
  ...
1..2
# tests 2
# suites 0
# pass 2
# fail 0
# cancelled 0
# skipped 0
# todo 0
# duration_ms 56.871375
