[images:optimize] source files processed: 11
[images:optimize] renditions generated this run: 53
[images:optimize] manifest assets: 74 (1149.4 KiB)
[images:optimize] wrote public/images-manifest.json
[images:budgets] evaluated 74 assets from public/images-manifest.json
[images:budgets] background/webp: 1 files, total 62.6 KiB, max 62.6 KiB
[images:budgets] handbookCover/avif: 1 files, total 9.0 KiB, max 9.0 KiB
[images:budgets] handbookCover/png: 1 files, total 31.7 KiB, max 31.7 KiB
[images:budgets] handbookCover/webp: 1 files, total 17.7 KiB, max 17.7 KiB
[images:budgets] handbookPage/avif: 10 files, total 86.1 KiB, max 9.5 KiB
[images:budgets] handbookPage/png: 10 files, total 367.4 KiB, max 39.0 KiB
[images:budgets] handbookPage/webp: 10 files, total 172.5 KiB, max 18.7 KiB
[images:budgets] handbookPageCompact/avif: 10 files, total 70.8 KiB, max 7.9 KiB
[images:budgets] handbookPageCompact/webp: 10 files, total 89.2 KiB, max 10.0 KiB
[images:budgets] mascot/svg: 4 files, total 10.8 KiB, max 3.2 KiB
[images:budgets] thumbnail/webp: 13 files, total 226.8 KiB, max 58.5 KiB
[images:budgets] topic/svg: 3 files, total 4.7 KiB, max 1.7 KiB
[images:budgets] handbook preload magic-letter-map: 32.5 KiB / 60.0 KiB
[images:budgets] PASS — all image budgets within thresholds
vite v6.4.2 building for production...
transforming...
✓ 199 modules transformed.
rendering chunks...
computing gzip size...
dist/index.html                                      3.67 kB │ gzip:   1.34 kB
dist/assets/index-DIbLc-fo.css                      14.96 kB │ gzip:   3.77 kB
dist/assets/rtlChrome-BvN-2cvC.js                    0.21 kB │ gzip:   0.16 kB
dist/assets/FloatingElement-Db_bi9dr.js              0.32 kB │ gzip:   0.25 kB
dist/assets/supabase-CzzBKJhd.js                     0.37 kB │ gzip:   0.28 kB
dist/assets/Card-Dy1ieLHy.js                         0.51 kB │ gzip:   0.34 kB
dist/assets/learningGoals-Cmxgg_WG.js                0.55 kB │ gzip:   0.38 kB
dist/assets/ProtectedRoute-D4un9Hlk.js               0.68 kB │ gzip:   0.43 kB
dist/assets/SuccessCelebration-bDs3V2pR.js           0.71 kB │ gzip:   0.40 kB
dist/assets/childAvatarEmoji-Ryqy-Bvw.js             1.00 kB │ gzip:   0.61 kB
dist/assets/useAudioManager-DFFnd6Pu.js              1.41 kB │ gzip:   0.72 kB
dist/assets/videosRepository-BMSNdG4C.js             1.42 kB │ gzip:   0.71 kB
dist/assets/ChildRouteLayout-cHJXaiO4.js             1.57 kB │ gzip:   0.65 kB
dist/assets/lettersProgressionRouting-D2RMtQw6.js    2.02 kB │ gzip:   0.78 kB
dist/assets/NotFound-DSj3pcUU.js                     2.20 kB │ gzip:   0.79 kB
dist/assets/readingProgressionRouting-8ROICL8j.js    2.22 kB │ gzip:   0.85 kB
dist/assets/readingRuntimeMatrix-DG_jtnvA.js         2.39 kB │ gzip:   0.69 kB
dist/assets/Privacy-BJxHGYDr.js                      2.71 kB │ gzip:   0.82 kB
dist/assets/Terms-yyaVu87v.js                        2.71 kB │ gzip:   0.82 kB
dist/assets/GameTopBar-Bw8IKjyh.js                   3.19 kB │ gzip:   1.12 kB
dist/assets/ParentsFaq-BHZPNchZ.js                   3.43 kB │ gzip:   0.99 kB
dist/assets/Login-DK7_gUGL.js                        5.30 kB │ gzip:   1.83 kB
dist/assets/FeatureIllustration-CfFuvXsx.js          5.67 kB │ gzip:   1.43 kB
dist/assets/Parents-TakD_HdG.js                      5.92 kB │ gzip:   1.26 kB
dist/assets/About-DblWwGx1.js                        7.33 kB │ gzip:   1.55 kB
dist/assets/ProfilePicker-BncOBCtp.js               10.62 kB │ gzip:   3.11 kB
dist/assets/Landing-gKLsLOP5.js                     11.78 kB │ gzip:   2.17 kB
dist/assets/TopicPillar-yNnkFZpU.js                 19.16 kB │ gzip:   4.03 kB
dist/assets/ParentDashboard-Bf8cQxDF.js             21.67 kB │ gzip:   4.28 kB
dist/assets/ShapeSafari-CaYXzNaR.js                 26.66 kB │ gzip:   6.61 kB
dist/assets/RootFamilyStickers-DZeanPcS.js          26.92 kB │ gzip:   7.19 kB
dist/assets/SightWordSprint-DyJaWSUG.js             29.29 kB │ gzip:   7.21 kB
dist/assets/Home-B-eso3Ex.js                        29.82 kB │ gzip:   8.28 kB
dist/assets/InteractiveHandbook-DSnCmeJl.js         30.95 kB │ gzip:   8.24 kB
dist/assets/MoreOrLessMarket-BvdtzLFz.js            31.24 kB │ gzip:   7.75 kB
dist/assets/ConfusableLetterContrast-v_tPJn0B.js    32.06 kB │ gzip:   7.91 kB
dist/assets/NumberLineJumps-CIyPk_mb.js             35.50 kB │ gzip:   9.34 kB
dist/assets/PictureToWordBuilder-Ckvo_jFb.js        36.22 kB │ gzip:   9.26 kB
dist/assets/CountingPicnic-KwZYRHrI.js              38.21 kB │ gzip:   8.30 kB
dist/assets/LetterSkyCatcher-DuD8M7Jx.js            38.22 kB │ gzip:   9.31 kB
dist/assets/DecodableMicroStories-CC3h70n8.js       41.12 kB │ gzip:   8.98 kB
dist/assets/ColorGarden-BZLilcvj.js                 42.04 kB │ gzip:   9.14 kB
dist/assets/LetterTracingTrail-foLAkM5T.js          42.10 kB │ gzip:   9.68 kB
dist/assets/LetterSoundMatch-D3e2_841.js            45.60 kB │ gzip:   9.91 kB
dist/assets/react-dz6IX6RK.js                       49.00 kB │ gzip:  17.11 kB
dist/assets/i18n-CQO0ZaI5.js                        49.39 kB │ gzip:  15.40 kB
dist/assets/InteractiveHandbookGame-C6078zE-.js     92.61 kB │ gzip:  20.03 kB
dist/assets/supabase-k82gbVKr.js                   196.61 kB │ gzip:  51.73 kB
dist/assets/index-C2WPcS5y.js                      424.66 kB │ gzip: 116.85 kB
✓ built in 6.44s
Generated crawl assets in /Users/israelz/Documents/dev/AI/Learning/packages/web/dist
Canonical site URL: https://israelzablianov.github.io/Dubiland/
Generated parents/faq.html
Generated about.html
Generated numbers.html
Generated letters.html
Generated parents.html
Generated reading.html
Generated privacy.html
Generated terms.html
